Add-in Express Registrator Log File: 07/11/2017 02:46:35

Installation directory: C:\Program Files\WinZip\
Registrator version: 8.4.4395.0
Operating System: Microsoft Windows 10 Professional (build 10240), 64-bit
Process Owner: Administrator
Command Line: "C:\Program Files\WinZip\adxregistrator.exe" /uninstall="C:\Program Files\WinZip\WinZipExpressForOffice.dll" /privileges=user
Run 'As Administrator': Yes
Process Elevated: Yes
Integrity Level: High
UAC (User Account Control): On
--------------------------------------------------------------
02:46:35 0384 Starting the add-in unregistration process.
02:46:35 0384 Loading mscoree.dll
02:46:35 0384 Success.
02:46:35 0384 .NET Framework installation directory: 
02:46:35 0384 The latest version of .NET Framework: 'v4.0.30319'
02:46:35 0384 Loading CLR: v4.0.30319.
02:46:35 0384 Calling CLRCreateInstance method.
02:46:35 0384 Success.
02:46:35 0384 Calling GetRuntime method.
02:46:35 0384 Success.
02:46:35 0384 Checking if the hosting API of .NET Framework v4.0 beta is installed.
02:46:35 0384 The hosting API is up to date.
02:46:35 0384 Calling GetInterface method for the CorRuntimeHost interface.
02:46:35 0384 Success.
02:46:35 0384 Starting CLR...
02:46:35 0384 Success.
02:46:35 0384 Getting the CLR version.
02:46:35 0384 The CLR v4.0.30319 has been initialized successfully.
02:46:35 0384 Creating a new domain setup.
02:46:35 0384 Success.
02:46:35 0384 The 'shadow copy' is disabled.
02:46:35 0384 Creating a new application domain.
02:46:35 0384 Success.
02:46:35 0384 Getting the base directory for the domain.
02:46:35 0384 Success. The directory is 'C:\Program Files\WinZip\'.
02:46:35 0384 Searching for the Add-in Express core library.
02:46:35 0384 Success. The 'AddinExpress.MSO.2005.dll' file is found.
02:46:35 0384 Creating an instance of the 'AddinExpress.Deployment.ADXRegistrator' class.
02:46:35 0384 Assembly identity is 'AddinExpress.MSO.2005'.
02:46:35 0384 Success.
02:46:35 0384 Unwrapping the instance of the 'AddinExpress.Deployment.ADXRegistrator' class.
02:46:35 0384 Success.
02:46:35 0384 Calling the managed unregistration procedure (DISPID = 1610743823).
02:46:36 0384 Unregistration success.
02:46:36 0384 The add-in unregistration process is completed with HRESULT = 0.
